wear/build/outputs/mapping/release/seeds.txt
com.samsung.health.hrdatatransfer.TheApp
com.samsung.health.hrdatatransfer.TheApp_GeneratedInjector
com.samsung.health.hrdatatransfer.presentation.MainActivity
com.samsung.health.hrdatatransfer.presentation.MainViewModel
com.samsung.health.hrdatatransfer.presentation.MainActivity_GeneratedInjector
com.samsung.health.hrdatatransfer.TheApp: TheApp()
com.samsung.health.hrdatatransfer.presentation.MainActivity: MainActivity()
...
androidx.recyclerview.widget.RecyclerView$SavedState: android.os.Parcelable$Creator CREATOR
androidx.viewpager.widget.ViewPager$SavedState: android.os.Parcelable$Creator CREATOR
androidx.lifecycle.Lifecycle$Event: androidx.lifecycle.Lifecycle$Event ON_PAUSE
kotlinx.coroutines.internal.LimitedDispatcher: int runningWorkers
kotlinx.coroutines.sync.SemaphoreImpl: long enqIdx
com.google.android.material.timepicker.TimeModel: android.os.Parcelable$Creator CREATOR
com.google.android.gms.wearable.internal.zzdr: android.os.Parcelable$Creator CREATOR
com.google.android.gms.wearable.internal.zzcl: android.os.Parcelable$Creator CREATOR
com.google.android.gms.common.internal.ClientIdentity: android.os.Parcelable$Creator CREATOR
com.google.android.gms.common.Feature: android.os.Parcelable$Creator CREATOR
kotlinx.coroutines.EventLoopImplBase$DelayedTask: java.lang.Object _heap
com.google.android.material.textfield.TextInputLayout$SavedState: android.os.Parcelable$Creator CREATOR
kotlinx.coroutines.scheduling.CoroutineScheduler$Worker: int workerCtl
com.samsung.android.service.health.tracking.data.ValueKey$EcgSet: com.samsung.android.service.health.tracking.data.ValueKey PPG_GREEN
com.samsung.android.service.health.tracking.data.HealthTrackerType: com.samsung.android.service.health.tracking.data.HealthTrackerType PPG_IR
com.samsung.android.service.health.tracking.HealthTracker$TrackerError: com.samsung.android.service.health.tracking.HealthTracker$TrackerError SDK_POLICY_ERROR
com.samsung.android.service.health.tracking.data.HealthTrackerType: com.samsung.android.service.health.tracking.data.HealthTrackerType ECG_ON_DEMAND
kotlinx.coroutines.CancellableContinuationImpl: java.lang.Object _parentHandle
kotlinx.coroutines.scheduling.WorkQueue: java.lang.Object lastScheduledTask
androidx.transition.ChangeBounds$7: androidx.transition.ChangeBounds$ViewBounds mViewBounds
com.google.android.gms.common.server.converter.zac: android.os.Parcelable$Creator CREATOR
com.google.android.gms.wearable.internal.zzff: android.os.Parcelable$Creator CREATOR
com.google.android.gms.common.stats.WakeLockEvent: android.os.Parcelable$Creator CREATOR
com.google.android.material.internal.ParcelableSparseIntArray: android.os.Parcelable$Creator CREATOR
com.samsung.android.service.health.tracking.data.TrackerUserProfile: android.os.Parcelable$Creator CREATOR
com.google.android.gms.common.server.response.FastJsonResponse$Field: com.google.android.gms.common.server.response.zaj CREATOR
kotlinx.coroutines.scheduling.WorkQueue: int consumerIndex
androidx.coordinatorlayout.widget.CoordinatorLayout$SavedState: android.os.Parcelable$Creator CREATOR
com.samsung.android.service.health.tracking.data.ValueKey$HeartRateSet: com.samsung.android.service.health.tracking.data.ValueKey HEART_RATE_STATUS
androidx.concurrent.futures.AbstractResolvableFuture: androidx.concurrent.futures.AbstractResolvableFuture$Listener listeners
com.google.android.material.datepicker.CompositeDateValidator: android.os.Parcelable$Creator CREATOR
kotlin.SafePublicationLazyImpl: java.lang.Object _value
com.google.android.material.stateful.ExtendableSavedState: android.os.Parcelable$Creator CREATOR
com.google.android.gms.wearable.internal.zzhi: android.os.Parcelable$Creator CREATOR
com.google.android.material.internal.CheckableImageButton$SavedState: android.os.Parcelable$Creator CREATOR
androidx.compose.runtime.ParcelableSnapshotMutableIntState: android.os.Parcelable$Creator CREATOR
androidx.recyclerview.widget.StaggeredGridLayoutManager$LazySpanLookup$FullSpanItem: android.os.Parcelable$Creator CREATOR
com.samsung.android.service.health.tracking.data.ServiceDataPoint: android.os.Parcelable$Creator CREATOR
com.google.android.gms.common.server.response.zan: android.os.Parcelable$Creator CREATOR
com.google.android.gms.wearable.internal.zzgp: android.os.Parcelable$Creator CREATOR
androidx.compose.runtime.ParcelableSnapshotMutableDoubleState: android.os.Parcelable$Creator CREATOR